<?xml version="1.0" encoding="UTF-8"?>
<!-- Generated by org.testng.reporters.JUnitXMLReporter -->
<testsuite ignored="1" hostname="yusans-MacBook-Air.local" failures="0" tests="1" name="Default test" time="7.657" errors="0" timestamp="2022-07-29T14:42:38 CDT">
  <testcase classname="TestCases.SupplierTest" name="testCase" time="1.017"/>
  <testcase classname="TestCases.SupplierTest" name="testSelenium" time="0.0">
    <ignored/>
  </testcase> <!-- testSelenium -->
</testsuite> <!-- Default test -->
