<?xml version="1.0" encoding="UTF-8"?>
<!-- Generated by org.testng.reporters.JUnitXMLReporter -->
<testsuite ignored="1" hostname="yusans-MacBook-Air.local" failures="0" tests="1" name="Default test" time="9.208" errors="0" timestamp="2022-05-03T20:37:27 EDT">
  <testcase classname="TestCases.SupplierTest" name="testCase" time="1.169"/>
  <testcase classname="TestCases.SupplierTest" name="testSelenium" time="0.0">
    <ignored/>
  </testcase> <!-- testSelenium -->
</testsuite> <!-- Default test -->
