<?xml version="1.0" encoding="UTF-8"?>
<!-- Generated by org.testng.reporters.JUnitXMLReporter -->
<testsuite ignored="2" hostname="yusans-MacBook-Air.local" failures="0" tests="2" name="SmokeTest" time="0.099" errors="0" timestamp="2022-04-27T13:59:25 EDT">
  <testcase classname="TestCases.groupsTest" name="test2" time="0.014"/>
  <testcase classname="TestCases.groupsTest" name="test3" time="0.003"/>
  <testcase classname="TestCases.groupsTest" name="test" time="0.0">
    <ignored/>
  </testcase> <!-- test -->
  <testcase classname="TestCases.groupsTest" name="test4" time="0.0">
    <ignored/>
  </testcase> <!-- test4 -->
</testsuite> <!-- SmokeTest -->
