<?xml version="1.0" encoding="UTF-8"?>
<!-- Generated by org.testng.reporters.JUnitXMLReporter -->
<testsuite ignored="1" hostname="yusans-MacBook-Air.local" failures="1" tests="1" name="Test" time="0.089" errors="0" timestamp="2022-04-27T13:10:48 EDT">
  <testcase classname="TestCases.SupplierTest" name="testCase" time="0.023">
    <failure type="java.lang.NullPointerException">
      <![CDATA[java.lang.NullPointerException
at TestCases.SupplierTest.testCase(SupplierTest.java:25)
at java.base/java.util.ArrayList.forEach(ArrayList.java:1541)
... Removed 27 stack frames]]>
    </failure>
  </testcase> <!-- testCase -->
  <testcase classname="TestCases.SupplierTest" name="testSelenium" time="0.0">
    <ignored/>
  </testcase> <!-- testSelenium -->
</testsuite> <!-- Test -->
