<?xml version="1.0" encoding="UTF-8"?>
<!-- Generated by org.testng.reporters.JUnitXMLReporter -->
<testsuite ignored="3" hostname="yusans-MacBook-Air.local" failures="0" tests="3" name="Test" time="8.369" errors="0" timestamp="2022-07-29T14:41:09 CDT">
  <testcase classname="TestCases.groupsTest" name="test2" time="0.013"/>
  <testcase classname="TestCases.groupsTest" name="test3" time="0.002"/>
  <testcase classname="TestCases.SupplierTest" name="testCase" time="1.075"/>
  <testcase classname="TestCases.groupsTest" name="test4" time="0.0">
    <ignored/>
  </testcase> <!-- test4 -->
  <testcase classname="TestCases.SupplierTest" name="testSelenium" time="0.0">
    <ignored/>
  </testcase> <!-- testSelenium -->
  <testcase classname="TestCases.groupsTest" name="test" time="0.0">
    <ignored/>
  </testcase> <!-- test -->
</testsuite> <!-- Test -->
