<?xml version="1.0" encoding="UTF-8"?>
<testng-results ignored="2" total="4" passed="2" failed="0" skipped="0">
  <reporter-output>
  </reporter-output>
  <suite started-at="2022-04-27T13:59:24 EDT" name="Suite" finished-at="2022-04-27T13:59:24 EDT" duration-ms="99">
    <groups>
      <group name="Smoke">
        <method signature="groupsTest.test2()[pri:0, instance:TestCases.groupsTest@2df9b86]" name="test2" class="TestCases.groupsTest"/>
        <method signature="groupsTest.test3()[pri:0, instance:TestCases.groupsTest@2df9b86]" name="test3" class="TestCases.groupsTest"/>
      </group> <!-- Smoke -->
    </groups>
    <test started-at="2022-04-27T13:59:24 EDT" name="SmokeTest" finished-at="2022-04-27T13:59:24 EDT" duration-ms="99">
      <class name="TestCases.groupsTest">
        <test-method signature="test2()[pri:0, instance:TestCases.groupsTest@2df9b86]" started-at="2022-04-27T13:59:24 EDT" name="test2" finished-at="2022-04-27T13:59:24 EDT" duration-ms="14" status="PASS">
          <reporter-output>
          </reporter-output>
        </test-method> <!-- test2 -->
        <test-method signature="test3()[pri:0, instance:TestCases.groupsTest@2df9b86]" started-at="2022-04-27T13:59:24 EDT" name="test3" finished-at="2022-04-27T13:59:24 EDT" duration-ms="3" status="PASS">
          <reporter-output>
          </reporter-output>
        </test-method> <!-- test3 -->
      </class> <!-- TestCases.groupsTest -->
    </test> <!-- SmokeTest -->
  </suite> <!-- Suite -->
</testng-results>
