<?xml version="1.0" encoding="UTF-8"?>
<testng-results ignored="3" total="6" passed="3" failed="0" skipped="0">
  <reporter-output>
  </reporter-output>
  <suite started-at="2022-04-27T14:52:13 EDT" name="Suite" finished-at="2022-04-27T14:52:20 EDT" duration-ms="7227">
    <groups>
      <group name="Smoke">
        <method signature="groupsTest.test2()[pri:0, instance:TestCases.groupsTest@2fb3536e]" name="test2" class="TestCases.groupsTest"/>
        <method signature="groupsTest.test3()[pri:0, instance:TestCases.groupsTest@2fb3536e]" name="test3" class="TestCases.groupsTest"/>
        <method signature="SupplierTest.testCase()[pri:2, instance:TestCases.SupplierTest@4fb3ee4e]" name="testCase" class="TestCases.SupplierTest"/>
      </group> <!-- Smoke -->
    </groups>
    <test started-at="2022-04-27T14:52:13 EDT" name="Test" finished-at="2022-04-27T14:52:20 EDT" duration-ms="7227">
      <class name="TestCases.groupsTest">
        <test-method signature="test2()[pri:0, instance:TestCases.groupsTest@2fb3536e]" started-at="2022-04-27T14:52:13 EDT" name="test2" finished-at="2022-04-27T14:52:13 EDT" duration-ms="12" status="PASS">
          <reporter-output>
          </reporter-output>
        </test-method> <!-- test2 -->
        <test-method signature="test3()[pri:0, instance:TestCases.groupsTest@2fb3536e]" started-at="2022-04-27T14:52:13 EDT" name="test3" finished-at="2022-04-27T14:52:13 EDT" duration-ms="2" status="PASS">
          <reporter-output>
          </reporter-output>
        </test-method> <!-- test3 -->
      </class> <!-- TestCases.groupsTest -->
      <class name="TestCases.SupplierTest">
        <test-method is-config="true" signature="setup()[pri:0, instance:TestCases.SupplierTest@4fb3ee4e]" started-at="2022-04-27T14:52:13 EDT" name="setup" finished-at="2022-04-27T14:52:20 EDT" duration-ms="6413" status="PASS">
          <reporter-output>
          </reporter-output>
        </test-method> <!-- setup -->
        <test-method signature="testCase()[pri:2, instance:TestCases.SupplierTest@4fb3ee4e]" started-at="2022-04-27T14:52:20 EDT" name="testCase" finished-at="2022-04-27T14:52:20 EDT" duration-ms="711" status="PASS">
          <reporter-output>
          </reporter-output>
        </test-method> <!-- testCase -->
      </class> <!-- TestCases.SupplierTest -->
    </test> <!-- Test -->
  </suite> <!-- Suite -->
</testng-results>
